2020-06-10 13:00:39,545 INFO  [log] Script Execution Starts
2020-06-10 13:00:39,582 INFO  [log] Script Execution Starts
2020-06-10 13:00:41,609 INFO  [log] {"success":1,"error":[],"data":{"access_token":"8b2bab33e3f0b13e50a44f5855df2a61f6bc4d8b","expires_in":86400,"token_type":"Bearer"}}
2020-06-10 13:00:41,663 INFO  [log] holder value = [data:[access_token:8b2bab33e3f0b13e50a44f5855df2a61f6bc4d8b, expires_in:86400, token_type:Bearer], error:[], success:1]
2020-06-10 13:00:41,679 INFO  [log] 8b2bab33e3f0b13e50a44f5855df2a61f6bc4d8b
2020-06-10 13:00:41,757 INFO  [log] 8b2bab33e3f0b13e50a44f5855df2a61f6bc4d8b
2020-06-10 13:00:42,570 INFO  [log] /SoapUIResults
2020-06-10 13:00:45,331 INFO  [log] The total number of rows which contains data are2
2020-06-10 13:00:45,344 INFO  [log] The total number of columns which contains data are2
2020-06-10 13:00:45,444 INFO  [log] Script Execution Starts
2020-06-10 13:00:46,160 INFO  [log] 354
2020-06-10 13:00:50,495 INFO  [log] Update unsuccessful
2020-06-10 13:00:50,498 INFO  [log] Update Successfully
2020-06-10 13:00:50,512 INFO  [log] Update Successfully
2020-06-10 13:00:50,514 INFO  [log] Update Successfully
2020-06-10 13:00:50,518 INFO  [log] Update Successfully
2020-06-10 13:00:50,532 INFO  [log] Update Successfully
2020-06-10 13:00:50,536 INFO  [log] Update Successfully
2020-06-10 13:00:50,537 INFO  [log] Update Successfully
2020-06-10 13:00:50,538 INFO  [log] Update Successfully
2020-06-10 13:00:50,548 INFO  [log] Update Successfully
2020-06-10 13:00:50,551 INFO  [log] Update Successfully
2020-06-10 13:00:50,555 INFO  [log] Update Successfully
2020-06-10 13:00:50,556 INFO  [log] Update Successfully
2020-06-10 13:00:50,558 INFO  [log] Update Successfully
2020-06-10 13:00:50,560 INFO  [log] Update Successfully
2020-06-10 13:00:50,569 INFO  [log] Update Successfully
2020-06-10 13:00:50,575 INFO  [log] Update Successfully
2020-06-10 13:00:50,595 INFO  [log] Update Successfully
2020-06-10 13:00:50,597 INFO  [log] Update Successfully
2020-06-10 13:00:50,600 INFO  [log] Update Successfully
2020-06-10 13:00:50,614 INFO  [log] Update Successfully
2020-06-10 13:00:50,616 INFO  [log] Update Successfully
2020-06-10 13:00:50,621 INFO  [log] Update Successfully
2020-06-10 13:00:50,632 INFO  [log] Update Successfully
2020-06-10 13:00:50,638 INFO  [log] Update Successfully
2020-06-10 13:00:50,639 INFO  [log] Update Successfully
2020-06-10 13:00:50,640 INFO  [log] Update Successfully
2020-06-10 13:00:50,642 INFO  [log] Update Successfully
2020-06-10 13:00:50,643 INFO  [log] Update Successfully
2020-06-10 13:00:50,653 INFO  [log] Update Successfully
2020-06-10 13:00:50,655 INFO  [log] Update Successfully
2020-06-10 13:00:50,656 INFO  [log] Update Successfully
2020-06-10 13:00:50,660 INFO  [log] Update Successfully
2020-06-10 13:00:50,663 INFO  [log] Update Successfully
2020-06-10 13:00:50,664 INFO  [log] Update Successfully
2020-06-10 13:00:50,674 INFO  [log] Update Successfully
2020-06-10 13:00:50,675 INFO  [log] Update Successfully
2020-06-10 13:00:50,679 INFO  [log] Update Successfully
2020-06-10 13:00:50,681 INFO  [log] Update Successfully
2020-06-10 13:00:50,694 INFO  [log] Update Successfully
2020-06-10 13:00:50,698 INFO  [log] Update Successfully
2020-06-10 13:00:50,703 INFO  [log] Update unsuccessful
2020-06-10 13:00:50,705 INFO  [log] Update Successfully
2020-06-10 13:00:50,715 INFO  [log] Update Successfully
2020-06-10 13:00:50,723 INFO  [log] Update Successfully
2020-06-10 13:00:50,724 INFO  [log] Update Successfully
2020-06-10 13:00:50,738 INFO  [log] Update Successfully
2020-06-10 13:00:50,740 INFO  [log] Update Successfully
2020-06-10 13:00:50,741 INFO  [log] Update Successfully
2020-06-10 13:00:50,742 INFO  [log] Update Successfully
2020-06-10 13:00:50,743 INFO  [log] Update Successfully
2020-06-10 13:00:50,744 INFO  [log] Update Successfully
2020-06-10 13:00:50,745 INFO  [log] Update Successfully
2020-06-10 13:00:50,760 INFO  [log] Update Successfully
2020-06-10 13:00:50,762 INFO  [log] Update Successfully
2020-06-10 13:00:50,763 INFO  [log] Update Successfully
2020-06-10 13:00:50,766 INFO  [log] Update Successfully
2020-06-10 13:00:50,766 INFO  [log] Update Successfully
2020-06-10 13:00:50,767 INFO  [log] Update Successfully
2020-06-10 13:00:50,768 INFO  [log] Update Successfully
2020-06-10 13:00:50,770 INFO  [log] Update Successfully
2020-06-10 13:00:50,778 INFO  [log] Update Successfully
2020-06-10 13:00:50,779 INFO  [log] Update Successfully
2020-06-10 13:00:50,782 INFO  [log] Update unsuccessful
2020-06-10 13:00:50,783 INFO  [log] Update unsuccessful
2020-06-10 13:00:50,783 INFO  [log] Update unsuccessful
2020-06-10 13:00:50,784 INFO  [log] Update unsuccessful
2020-06-10 13:00:50,785 INFO  [log] Update unsuccessful
2020-06-10 13:00:50,786 INFO  [log] Update unsuccessful
2020-06-10 13:00:50,787 INFO  [log] Update Successfully
2020-06-10 13:00:50,793 INFO  [log] Update unsuccessful
2020-06-10 13:00:50,797 INFO  [log] Update unsuccessful
2020-06-10 13:00:50,799 INFO  [log] Update unsuccessful
2020-06-10 13:00:50,802 INFO  [log] Update unsuccessful
2020-06-10 13:00:50,803 INFO  [log] Update unsuccessful
2020-06-10 13:00:50,806 INFO  [log] Update Successfully
2020-06-10 13:00:50,807 INFO  [log] Update unsuccessful
2020-06-10 13:00:50,808 INFO  [log] Update Successfully
2020-06-10 13:00:50,808 INFO  [log] Update Successfully
2020-06-10 13:00:50,809 INFO  [log] Update Successfully
2020-06-10 13:00:50,824 INFO  [log] Update unsuccessful
2020-06-10 13:00:50,846 INFO  [log] Update unsuccessful
2020-06-10 13:00:50,849 INFO  [log] Update unsuccessful
2020-06-10 13:00:50,852 INFO  [log] Update unsuccessful
2020-06-10 13:00:50,863 INFO  [log] Update unsuccessful
2020-06-10 13:00:50,868 INFO  [log] Update unsuccessful
2020-06-10 13:00:50,869 INFO  [log] Update unsuccessful
2020-06-10 13:00:50,871 INFO  [log] Update unsuccessful
2020-06-10 13:00:50,885 INFO  [log] Update unsuccessful
2020-06-10 13:00:50,886 INFO  [log] Update unsuccessful
2020-06-10 13:00:50,888 INFO  [log] Update unsuccessful
2020-06-10 13:00:50,889 INFO  [log] Update unsuccessful
2020-06-10 13:00:50,890 INFO  [log] Update unsuccessful
2020-06-10 13:00:50,890 INFO  [log] Update unsuccessful
2020-06-10 13:00:50,891 INFO  [log] Update unsuccessful
2020-06-10 13:00:50,892 INFO  [log] Update unsuccessful
2020-06-10 13:00:50,903 INFO  [log] Update unsuccessful
2020-06-10 13:00:50,907 INFO  [log] Update unsuccessful
2020-06-10 13:00:50,909 INFO  [log] Update unsuccessful
2020-06-10 13:00:50,910 INFO  [log] Update unsuccessful
2020-06-10 13:00:55,499 INFO  [log] 1
2020-06-10 13:00:55,499 INFO  [log] Product successfully Deleted
2020-06-10 13:00:55,537 INFO  [log] /SoapUIResults
2020-06-10 13:00:55,660 INFO  [log] Status:  FINISHED, time taken for testCase is: 6292 ms
2020-06-10 13:00:55,683 INFO  [log] number of test steps executed are: 8
2020-06-10 13:00:55,721 INFO  [log] /SoapUIResults
2020-06-10 13:00:55,788 INFO  [log] Script Execution Starts
2020-06-10 13:00:56,263 INFO  [log] 355
2020-06-10 13:00:58,696 INFO  [log] Update unsuccessful
2020-06-10 13:00:58,697 INFO  [log] Update Successfully
2020-06-10 13:00:58,698 INFO  [log] Update Successfully
2020-06-10 13:00:58,701 INFO  [log] Update Successfully
2020-06-10 13:00:58,702 INFO  [log] Update Successfully
2020-06-10 13:00:58,703 INFO  [log] Update Successfully
2020-06-10 13:00:58,704 INFO  [log] Update Successfully
2020-06-10 13:00:58,705 INFO  [log] Update Successfully
2020-06-10 13:00:58,711 INFO  [log] Update Successfully
2020-06-10 13:00:58,713 INFO  [log] Update Successfully
2020-06-10 13:00:58,714 INFO  [log] Update Successfully
2020-06-10 13:00:58,714 INFO  [log] Update Successfully
2020-06-10 13:00:58,717 INFO  [log] Update Successfully
2020-06-10 13:00:58,720 INFO  [log] Update Successfully
2020-06-10 13:00:58,725 INFO  [log] Update Successfully
2020-06-10 13:00:58,728 INFO  [log] Update Successfully
2020-06-10 13:00:58,729 INFO  [log] Update Successfully
2020-06-10 13:00:58,730 INFO  [log] Update Successfully
2020-06-10 13:00:58,731 INFO  [log] Update Successfully
2020-06-10 13:00:58,733 INFO  [log] Update Successfully
2020-06-10 13:00:58,736 INFO  [log] Update Successfully
2020-06-10 13:00:58,740 INFO  [log] Update Successfully
2020-06-10 13:00:58,742 INFO  [log] Update Successfully
2020-06-10 13:00:58,743 INFO  [log] Update Successfully
2020-06-10 13:00:58,744 INFO  [log] Update Successfully
2020-06-10 13:00:58,747 INFO  [log] Update Successfully
2020-06-10 13:00:58,751 INFO  [log] Update Successfully
2020-06-10 13:00:58,752 INFO  [log] Update Successfully
2020-06-10 13:00:58,753 INFO  [log] Update Successfully
2020-06-10 13:00:58,755 INFO  [log] Update Successfully
2020-06-10 13:00:58,758 INFO  [log] Update Successfully
2020-06-10 13:00:58,760 INFO  [log] Update Successfully
2020-06-10 13:00:58,762 INFO  [log] Update Successfully
2020-06-10 13:00:58,763 INFO  [log] Update Successfully
2020-06-10 13:00:58,763 INFO  [log] Update Successfully
2020-06-10 13:00:58,765 INFO  [log] Update Successfully
2020-06-10 13:00:58,766 INFO  [log] Update Successfully
2020-06-10 13:00:58,772 INFO  [log] Update Successfully
2020-06-10 13:00:58,773 INFO  [log] Update Successfully
2020-06-10 13:00:58,774 INFO  [log] Update Successfully
2020-06-10 13:00:58,775 INFO  [log] Update Successfully
2020-06-10 13:00:58,776 INFO  [log] Update unsuccessful
2020-06-10 13:00:58,777 INFO  [log] Update Successfully
2020-06-10 13:00:58,779 INFO  [log] Update Successfully
2020-06-10 13:00:58,784 INFO  [log] Update Successfully
2020-06-10 13:00:58,787 INFO  [log] Update Successfully
2020-06-10 13:00:58,788 INFO  [log] Update Successfully
2020-06-10 13:00:58,789 INFO  [log] Update Successfully
2020-06-10 13:00:58,791 INFO  [log] Update Successfully
2020-06-10 13:00:58,795 INFO  [log] Update Successfully
2020-06-10 13:00:58,795 INFO  [log] Update Successfully
2020-06-10 13:00:58,798 INFO  [log] Update Successfully
2020-06-10 13:00:58,808 INFO  [log] Update Successfully
2020-06-10 13:00:58,823 INFO  [log] Update Successfully
2020-06-10 13:00:58,837 INFO  [log] Update Successfully
2020-06-10 13:00:58,847 INFO  [log] Update Successfully
2020-06-10 13:00:58,862 INFO  [log] Update Successfully
2020-06-10 13:00:58,872 INFO  [log] Update Successfully
2020-06-10 13:00:58,882 INFO  [log] Update Successfully
2020-06-10 13:00:58,898 INFO  [log] Update Successfully
2020-06-10 13:00:58,908 INFO  [log] Update Successfully
2020-06-10 13:00:58,927 INFO  [log] Update Successfully
2020-06-10 13:00:58,934 INFO  [log] Update Successfully
2020-06-10 13:00:58,943 INFO  [log] Update unsuccessful
2020-06-10 13:00:58,949 INFO  [log] Update unsuccessful
2020-06-10 13:00:58,952 INFO  [log] Update unsuccessful
2020-06-10 13:00:58,957 INFO  [log] Update unsuccessful
2020-06-10 13:00:58,958 INFO  [log] Update unsuccessful
2020-06-10 13:00:58,960 INFO  [log] Update unsuccessful
2020-06-10 13:00:58,966 INFO  [log] Update Successfully
2020-06-10 13:00:58,971 INFO  [log] Update unsuccessful
2020-06-10 13:00:58,972 INFO  [log] Update unsuccessful
2020-06-10 13:00:58,974 INFO  [log] Update unsuccessful
2020-06-10 13:00:58,976 INFO  [log] Update unsuccessful
2020-06-10 13:00:58,982 INFO  [log] Update unsuccessful
2020-06-10 13:00:58,986 INFO  [log] Update Successfully
2020-06-10 13:00:58,986 INFO  [log] Update unsuccessful
2020-06-10 13:00:58,988 INFO  [log] Update Successfully
2020-06-10 13:00:58,989 INFO  [log] Update Successfully
2020-06-10 13:00:58,990 INFO  [log] Update Successfully
2020-06-10 13:00:58,991 INFO  [log] Update unsuccessful
2020-06-10 13:00:58,994 INFO  [log] Update unsuccessful
2020-06-10 13:00:58,995 INFO  [log] Update unsuccessful
2020-06-10 13:00:58,996 INFO  [log] Update unsuccessful
2020-06-10 13:00:58,999 INFO  [log] Update unsuccessful
2020-06-10 13:00:59,000 INFO  [log] Update unsuccessful
2020-06-10 13:00:59,000 INFO  [log] Update unsuccessful
2020-06-10 13:00:59,002 INFO  [log] Update unsuccessful
2020-06-10 13:00:59,002 INFO  [log] Update unsuccessful
2020-06-10 13:00:59,003 INFO  [log] Update unsuccessful
2020-06-10 13:00:59,004 INFO  [log] Update unsuccessful
2020-06-10 13:00:59,005 INFO  [log] Update unsuccessful
2020-06-10 13:00:59,006 INFO  [log] Update unsuccessful
2020-06-10 13:00:59,011 INFO  [log] Update unsuccessful
2020-06-10 13:00:59,013 INFO  [log] Update unsuccessful
2020-06-10 13:00:59,014 INFO  [log] Update unsuccessful
2020-06-10 13:00:59,015 INFO  [log] Update unsuccessful
2020-06-10 13:00:59,015 INFO  [log] Update unsuccessful
2020-06-10 13:00:59,016 INFO  [log] Update unsuccessful
2020-06-10 13:00:59,016 INFO  [log] Update unsuccessful
2020-06-10 13:01:04,257 INFO  [log] 1
2020-06-10 13:01:04,276 INFO  [log] Product successfully Deleted
2020-06-10 13:01:04,297 INFO  [log] /SoapUIResults
2020-06-10 13:01:04,837 INFO  [log] Script Execution Starts
2020-06-10 13:01:08,965 INFO  [log] {"success":1,"error":[],"data":{"id":362}}
2020-06-10 13:01:08,968 INFO  [log] holder value = [data:[id:362], error:[], success:1]
2020-06-10 13:01:08,969 INFO  [log] 362
2020-06-10 13:01:09,819 INFO  [log] /SoapUIResults
2020-06-11 19:54:48,297 INFO  [log] Script Execution Starts
2020-06-11 19:54:48,321 INFO  [log] Script Execution Starts
2020-06-11 19:54:49,683 INFO  [log] {"success":1,"error":[],"data":{"access_token":"f8a1a2bd8e0eb4b99147a5afc02feb2b18acb7d6","expires_in":86400,"token_type":"Bearer"}}
2020-06-11 19:54:49,713 INFO  [log] holder value = [data:[access_token:f8a1a2bd8e0eb4b99147a5afc02feb2b18acb7d6, expires_in:86400, token_type:Bearer], error:[], success:1]
2020-06-11 19:54:49,719 INFO  [log] f8a1a2bd8e0eb4b99147a5afc02feb2b18acb7d6
2020-06-11 19:54:49,750 INFO  [log] f8a1a2bd8e0eb4b99147a5afc02feb2b18acb7d6
2020-06-11 19:54:50,337 INFO  [log] /SoapUIResults
2020-06-11 19:54:50,988 INFO  [log] The total number of rows which contains data are2
2020-06-11 19:54:50,988 INFO  [log] The total number of columns which contains data are2
2020-06-11 19:54:51,038 INFO  [log] Script Execution Starts
2020-06-11 19:54:51,637 INFO  [log] 575
2020-06-11 19:54:56,013 INFO  [log] Update Successfully
2020-06-11 19:54:56,015 INFO  [log] Update Successfully
2020-06-11 19:54:56,018 INFO  [log] Update Successfully
2020-06-11 19:54:56,019 INFO  [log] Update Successfully
2020-06-11 19:54:56,021 INFO  [log] Update Successfully
2020-06-11 19:54:56,022 INFO  [log] Update Successfully
2020-06-11 19:54:56,023 INFO  [log] Update Successfully
2020-06-11 19:54:56,023 INFO  [log] Update Successfully
2020-06-11 19:54:56,026 INFO  [log] Update Successfully
2020-06-11 19:54:56,029 INFO  [log] Update Successfully
2020-06-11 19:54:56,029 INFO  [log] Update Successfully
2020-06-11 19:54:56,031 INFO  [log] Update Successfully
2020-06-11 19:54:56,032 INFO  [log] Update Successfully
2020-06-11 19:54:56,033 INFO  [log] Update Successfully
2020-06-11 19:54:56,034 INFO  [log] Update Successfully
2020-06-11 19:54:56,039 INFO  [log] Update Successfully
2020-06-11 19:54:56,041 INFO  [log] Update Successfully
2020-06-11 19:54:56,041 INFO  [log] Update Successfully
2020-06-11 19:54:56,042 INFO  [log] Update Successfully
2020-06-11 19:54:56,043 INFO  [log] Update Successfully
2020-06-11 19:54:56,044 INFO  [log] Update Successfully
2020-06-11 19:54:56,047 INFO  [log] Update unsuccessful
2020-06-11 19:54:56,051 INFO  [log] Update Successfully
2020-06-11 19:54:56,052 INFO  [log] Update Successfully
2020-06-11 19:54:56,053 INFO  [log] Update Successfully
2020-06-11 19:54:56,054 INFO  [log] Update Successfully
2020-06-11 19:54:56,056 INFO  [log] Update Successfully
2020-06-11 19:54:56,059 INFO  [log] Update Successfully
2020-06-11 19:54:56,062 INFO  [log] Update Successfully
2020-06-11 19:54:56,063 INFO  [log] Update Successfully
2020-06-11 19:54:56,065 INFO  [log] Update Successfully
2020-06-11 19:54:56,067 INFO  [log] Update Successfully
2020-06-11 19:54:56,069 INFO  [log] Update Successfully
2020-06-11 19:54:56,071 INFO  [log] Update Successfully
2020-06-11 19:54:56,073 INFO  [log] Update Successfully
2020-06-11 19:54:56,077 INFO  [log] Update Successfully
2020-06-11 19:54:56,083 INFO  [log] Update Successfully
2020-06-11 19:54:56,085 INFO  [log] Update Successfully
2020-06-11 19:54:56,085 INFO  [log] Update Successfully
2020-06-11 19:54:56,088 INFO  [log] Update Successfully
2020-06-11 19:54:56,089 INFO  [log] Update Successfully
2020-06-11 19:54:56,090 INFO  [log] Update Successfully
2020-06-11 19:54:56,093 INFO  [log] Update Successfully
2020-06-11 19:54:56,094 INFO  [log] Update unsuccessful
2020-06-11 19:54:56,094 INFO  [log] Update unsuccessful
2020-06-11 19:54:56,096 INFO  [log] Update unsuccessful
2020-06-11 19:54:56,096 INFO  [log] Update unsuccessful
2020-06-11 19:54:56,097 INFO  [log] Update Successfully
2020-06-11 19:54:56,097 INFO  [log] Update unsuccessful
2020-06-11 19:54:56,105 INFO  [log] Update unsuccessful
2020-06-11 19:54:56,106 INFO  [log] Update unsuccessful
2020-06-11 19:54:56,106 INFO  [log] Update unsuccessful
2020-06-11 19:54:56,107 INFO  [log] Update unsuccessful
2020-06-11 19:54:56,108 INFO  [log] Update Successfully
2020-06-11 19:54:56,109 INFO  [log] Update unsuccessful
2020-06-11 19:54:56,112 INFO  [log] Update unsuccessful
2020-06-11 19:54:56,114 INFO  [log] Update unsuccessful
2020-06-11 19:54:56,116 INFO  [log] Update unsuccessful
2020-06-11 19:54:56,117 INFO  [log] Update unsuccessful
2020-06-11 19:54:56,118 INFO  [log] Update unsuccessful
2020-06-11 19:54:56,119 INFO  [log] Update unsuccessful
2020-06-11 19:54:56,120 INFO  [log] Update unsuccessful
2020-06-11 19:54:56,124 INFO  [log] Update unsuccessful
2020-06-11 19:54:56,126 INFO  [log] Update unsuccessful
2020-06-11 19:54:56,129 INFO  [log] Update unsuccessful
2020-06-11 19:54:56,131 INFO  [log] Update Successfully
2020-06-11 19:54:56,133 INFO  [log] Update unsuccessful
2020-06-11 19:54:56,137 INFO  [log] Update unsuccessful
2020-06-11 19:54:56,138 INFO  [log] Update unsuccessful
2020-06-11 19:54:56,140 INFO  [log] Update unsuccessful
2020-06-11 19:54:56,144 INFO  [log] Update unsuccessful
2020-06-11 19:54:56,146 INFO  [log] Update Successfully
2020-06-11 19:54:56,147 INFO  [log] Update unsuccessful
2020-06-11 19:54:56,151 INFO  [log] Update Successfully
2020-06-11 19:54:56,151 INFO  [log] Update Successfully
2020-06-11 19:54:56,152 INFO  [log] Update Successfully
2020-06-11 19:54:56,153 INFO  [log] Update Successfully
2020-06-11 19:54:56,154 INFO  [log] Update Successfully
2020-06-11 19:54:56,155 INFO  [log] Update Successfully
2020-06-11 19:54:56,158 INFO  [log] Update Successfully
2020-06-11 19:54:56,168 INFO  [log] Update Successfully
2020-06-11 19:54:56,169 INFO  [log] Update Successfully
2020-06-11 19:54:56,172 INFO  [log] Update Successfully
2020-06-11 19:54:56,174 INFO  [log] Update unsuccessful
2020-06-11 19:54:56,174 INFO  [log] Update unsuccessful
2020-06-11 19:54:56,175 INFO  [log] Update unsuccessful
2020-06-11 19:54:56,179 INFO  [log] Update unsuccessful
2020-06-11 19:54:56,180 INFO  [log] Update Successfully
2020-06-11 19:54:56,184 INFO  [log] Update Successfully
2020-06-11 19:54:56,186 INFO  [log] Update Successfully
2020-06-11 19:54:56,188 INFO  [log] Update Successfully
2020-06-11 19:54:56,190 INFO  [log] Update Successfully
2020-06-11 19:54:56,193 INFO  [log] Update Successfully
2020-06-11 19:54:56,194 INFO  [log] Update Successfully
2020-06-11 19:54:56,194 INFO  [log] Update Successfully
2020-06-11 19:54:56,195 INFO  [log] Update unsuccessful
2020-06-11 19:54:56,196 INFO  [log] Update Successfully
2020-06-11 19:54:56,196 INFO  [log] Update unsuccessful
2020-06-11 19:54:56,197 INFO  [log] Update Successfully
2020-06-11 19:54:56,197 INFO  [log] Update Successfully
2020-06-11 19:54:59,054 INFO  [log] 1
2020-06-11 19:54:59,055 INFO  [log] Product successfully Deleted
2020-06-11 19:54:59,085 INFO  [log] /SoapUIResults
2020-06-11 19:54:59,169 INFO  [log] Status:  FINISHED, time taken for testCase is: 6128 ms
2020-06-11 19:54:59,170 INFO  [log] number of test steps executed are: 8
2020-06-11 19:54:59,192 INFO  [log] /SoapUIResults
2020-06-11 19:54:59,208 INFO  [log] Script Execution Starts
2020-06-11 19:54:59,889 INFO  [log] 576
2020-06-11 19:55:01,655 INFO  [log] Update Successfully
2020-06-11 19:55:01,657 INFO  [log] Update Successfully
2020-06-11 19:55:01,658 INFO  [log] Update Successfully
2020-06-11 19:55:01,660 INFO  [log] Update Successfully
2020-06-11 19:55:01,664 INFO  [log] Update Successfully
2020-06-11 19:55:01,666 INFO  [log] Update Successfully
2020-06-11 19:55:01,667 INFO  [log] Update Successfully
2020-06-11 19:55:01,668 INFO  [log] Update Successfully
2020-06-11 19:55:01,669 INFO  [log] Update Successfully
2020-06-11 19:55:01,669 INFO  [log] Update Successfully
2020-06-11 19:55:01,670 INFO  [log] Update Successfully
2020-06-11 19:55:01,671 INFO  [log] Update Successfully
2020-06-11 19:55:01,672 INFO  [log] Update Successfully
2020-06-11 19:55:01,672 INFO  [log] Update Successfully
2020-06-11 19:55:01,675 INFO  [log] Update Successfully
2020-06-11 19:55:01,679 INFO  [log] Update Successfully
2020-06-11 19:55:01,681 INFO  [log] Update Successfully
2020-06-11 19:55:01,681 INFO  [log] Update Successfully
2020-06-11 19:55:01,683 INFO  [log] Update Successfully
2020-06-11 19:55:01,686 INFO  [log] Update Successfully
2020-06-11 19:55:01,688 INFO  [log] Update Successfully
2020-06-11 19:55:01,690 INFO  [log] Update unsuccessful
2020-06-11 19:55:01,693 INFO  [log] Update Successfully
2020-06-11 19:55:01,694 INFO  [log] Update Successfully
2020-06-11 19:55:01,695 INFO  [log] Update Successfully
2020-06-11 19:55:01,695 INFO  [log] Update Successfully
2020-06-11 19:55:01,698 INFO  [log] Update Successfully
2020-06-11 19:55:01,699 INFO  [log] Update Successfully
2020-06-11 19:55:01,702 INFO  [log] Update Successfully
2020-06-11 19:55:01,704 INFO  [log] Update Successfully
2020-06-11 19:55:01,706 INFO  [log] Update Successfully
2020-06-11 19:55:01,709 INFO  [log] Update Successfully
2020-06-11 19:55:01,709 INFO  [log] Update Successfully
2020-06-11 19:55:01,713 INFO  [log] Update Successfully
2020-06-11 19:55:01,714 INFO  [log] Update Successfully
2020-06-11 19:55:01,715 INFO  [log] Update Successfully
2020-06-11 19:55:01,717 INFO  [log] Update Successfully
2020-06-11 19:55:01,719 INFO  [log] Update Successfully
2020-06-11 19:55:01,721 INFO  [log] Update Successfully
2020-06-11 19:55:01,725 INFO  [log] Update Successfully
2020-06-11 19:55:01,727 INFO  [log] Update Successfully
2020-06-11 19:55:01,728 INFO  [log] Update Successfully
2020-06-11 19:55:01,731 INFO  [log] Update Successfully
2020-06-11 19:55:01,731 INFO  [log] Update unsuccessful
2020-06-11 19:55:01,735 INFO  [log] Update unsuccessful
2020-06-11 19:55:01,735 INFO  [log] Update unsuccessful
2020-06-11 19:55:01,736 INFO  [log] Update unsuccessful
2020-06-11 19:55:01,737 INFO  [log] Update Successfully
2020-06-11 19:55:01,738 INFO  [log] Update unsuccessful
2020-06-11 19:55:01,738 INFO  [log] Update unsuccessful
2020-06-11 19:55:01,739 INFO  [log] Update unsuccessful
2020-06-11 19:55:01,742 INFO  [log] Update unsuccessful
2020-06-11 19:55:01,747 INFO  [log] Update unsuccessful
2020-06-11 19:55:01,748 INFO  [log] Update Successfully
2020-06-11 19:55:01,749 INFO  [log] Update unsuccessful
2020-06-11 19:55:01,751 INFO  [log] Update unsuccessful
2020-06-11 19:55:01,752 INFO  [log] Update unsuccessful
2020-06-11 19:55:01,753 INFO  [log] Update unsuccessful
2020-06-11 19:55:01,757 INFO  [log] Update unsuccessful
2020-06-11 19:55:01,758 INFO  [log] Update unsuccessful
2020-06-11 19:55:01,759 INFO  [log] Update unsuccessful
2020-06-11 19:55:01,760 INFO  [log] Update unsuccessful
2020-06-11 19:55:01,761 INFO  [log] Update unsuccessful
2020-06-11 19:55:01,763 INFO  [log] Update unsuccessful
2020-06-11 19:55:01,764 INFO  [log] Update unsuccessful
2020-06-11 19:55:01,769 INFO  [log] Update Successfully
2020-06-11 19:55:01,770 INFO  [log] Update unsuccessful
2020-06-11 19:55:01,770 INFO  [log] Update unsuccessful
2020-06-11 19:55:01,771 INFO  [log] Update unsuccessful
2020-06-11 19:55:01,772 INFO  [log] Update unsuccessful
2020-06-11 19:55:01,774 INFO  [log] Update unsuccessful
2020-06-11 19:55:01,775 INFO  [log] Update Successfully
2020-06-11 19:55:01,778 INFO  [log] Update unsuccessful
2020-06-11 19:55:01,780 INFO  [log] Update Successfully
2020-06-11 19:55:01,780 INFO  [log] Update Successfully
2020-06-11 19:55:01,781 INFO  [log] Update Successfully
2020-06-11 19:55:01,781 INFO  [log] Update Successfully
2020-06-11 19:55:01,785 INFO  [log] Update Successfully
2020-06-11 19:55:01,785 INFO  [log] Update Successfully
2020-06-11 19:55:01,791 INFO  [log] Update Successfully
2020-06-11 19:55:01,791 INFO  [log] Update Successfully
2020-06-11 19:55:01,792 INFO  [log] Update Successfully
2020-06-11 19:55:01,796 INFO  [log] Update Successfully
2020-06-11 19:55:01,798 INFO  [log] Update unsuccessful
2020-06-11 19:55:01,801 INFO  [log] Update unsuccessful
2020-06-11 19:55:01,801 INFO  [log] Update unsuccessful
2020-06-11 19:55:01,802 INFO  [log] Update unsuccessful
2020-06-11 19:55:01,803 INFO  [log] Update Successfully
2020-06-11 19:55:01,807 INFO  [log] Update Successfully
2020-06-11 19:55:01,810 INFO  [log] Update Successfully
2020-06-11 19:55:01,813 INFO  [log] Update Successfully
2020-06-11 19:55:01,814 INFO  [log] Update Successfully
2020-06-11 19:55:01,815 INFO  [log] Update Successfully
2020-06-11 19:55:01,816 INFO  [log] Update Successfully
2020-06-11 19:55:01,819 INFO  [log] Update Successfully
2020-06-11 19:55:01,819 INFO  [log] Update unsuccessful
2020-06-11 19:55:01,823 INFO  [log] Update Successfully
2020-06-11 19:55:01,824 INFO  [log] Update unsuccessful
2020-06-11 19:55:01,825 INFO  [log] Update Successfully
2020-06-11 19:55:01,825 INFO  [log] Update Successfully
2020-06-11 19:55:04,914 INFO  [log] 1
2020-06-11 19:55:04,914 INFO  [log] Product successfully Deleted
2020-06-11 19:55:04,938 INFO  [log] /SoapUIResults
2020-06-11 19:55:05,049 INFO  [log] Script Execution Starts
2020-06-11 19:55:06,062 INFO  [log] {"success":1,"error":[],"data":{"id":454}}
2020-06-11 19:55:06,080 INFO  [log] holder value = [data:[id:454], error:[], success:1]
2020-06-11 19:55:06,086 INFO  [log] 454
2020-06-11 19:55:06,569 INFO  [log] /SoapUIResults
