2020-06-10 13:00:11,501 WARN  [SoapUI] Missing folder [C:\Manasa\API Testing Training\Project\Maven_Executables\my-restproject\ext] for external libraries
2020-06-10 13:00:11,952 INFO  [DefaultSoapUICore] initialized soapui-settings from [C:\Users\MANASANARAYAN\soapui-settings.xml]
2020-06-10 13:00:25,852 INFO  [PluginManager] Adding plugin from [C:\Users\MANASANARAYAN\.soapuios\plugins\ready-mqtt-plugin-dist.jar]
2020-06-10 13:00:25,852 INFO  [PluginManager] Adding plugin from [C:\Users\MANASANARAYAN\.soapuios\plugins\soapui-swagger-plugin-2.2-dist.jar]
2020-06-10 13:00:27,534 ERROR [SoapUI] An error occurred [com.eviware.soapui.plugins.auto.factories.AutoDiscoveryMethodFactory], see error log for details
2020-06-10 13:00:27,539 ERROR [errorlog] java.lang.ClassNotFoundException: com.eviware.soapui.plugins.auto.factories.AutoDiscoveryMethodFactory
java.lang.ClassNotFoundException: com.eviware.soapui.plugins.auto.factories.AutoDiscoveryMethodFactory
	at org.codehaus.plexus.classworlds.strategy.SelfFirstStrategy.loadClass(SelfFirstStrategy.java:50)
	at org.codehaus.plexus.classworlds.realm.ClassRealm.unsynchronizedLoadClass(ClassRealm.java:271)
	at org.codehaus.plexus.classworlds.realm.ClassRealm.loadClass(ClassRealm.java:247)
	at org.codehaus.plexus.classworlds.realm.ClassRealm.loadClass(ClassRealm.java:239)
	at java.lang.Class.forName0(Native Method)
	at java.lang.Class.forName(Class.java:264)
	at com.eviware.soapui.plugins.LoaderBase.loadAutoFactories(LoaderBase.java:113)
	at com.eviware.soapui.plugins.LoaderBase.loadFactories(LoaderBase.java:80)
	at com.eviware.soapui.plugins.PluginLoader.loadPluginFactories(PluginLoader.java:141)
	at com.eviware.soapui.plugins.PluginLoader.loadPlugin(PluginLoader.java:104)
	at com.eviware.soapui.plugins.PluginLoader.loadPlugin(PluginLoader.java:54)
	at com.eviware.soapui.plugins.PluginManager.doInstallPlugin(PluginManager.java:141)
	at com.eviware.soapui.plugins.PluginManager.access$600(PluginManager.java:43)
	at com.eviware.soapui.plugins.PluginManager$LoadPluginsTask.computeSequentially(PluginManager.java:420)
	at com.eviware.soapui.plugins.PluginManager$LoadPluginsTask.compute(PluginManager.java:377)
	at com.eviware.soapui.plugins.PluginManager$LoadPluginsTask.compute(PluginManager.java:382)
	at com.eviware.soapui.plugins.PluginManager$LoadPluginsTask.compute(PluginManager.java:365)
	at java.util.concurrent.RecursiveTask.exec(RecursiveTask.java:94)
	at java.util.concurrent.ForkJoinTask.doExec(ForkJoinTask.java:289)
	at java.util.concurrent.ForkJoinPool$WorkQueue.runTask(ForkJoinPool.java:1056)
	at java.util.concurrent.ForkJoinPool.runWorker(ForkJoinPool.java:1692)
	at java.util.concurrent.ForkJoinWorkerThread.run(ForkJoinWorkerThread.java:157)
2020-06-10 13:00:27,747 ERROR [SoapUI] An error occurred [com.eviware.soapui.plugins.auto.factories.AutoImportMethodFactory], see error log for details
2020-06-10 13:00:27,750 ERROR [errorlog] java.lang.ClassNotFoundException: com.eviware.soapui.plugins.auto.factories.AutoImportMethodFactory
java.lang.ClassNotFoundException: com.eviware.soapui.plugins.auto.factories.AutoImportMethodFactory
	at org.codehaus.plexus.classworlds.strategy.SelfFirstStrategy.loadClass(SelfFirstStrategy.java:50)
	at org.codehaus.plexus.classworlds.realm.ClassRealm.unsynchronizedLoadClass(ClassRealm.java:271)
	at org.codehaus.plexus.classworlds.realm.ClassRealm.loadClass(ClassRealm.java:247)
	at org.codehaus.plexus.classworlds.realm.ClassRealm.loadClass(ClassRealm.java:239)
	at java.lang.Class.forName0(Native Method)
	at java.lang.Class.forName(Class.java:264)
	at com.eviware.soapui.plugins.LoaderBase.loadAutoFactories(LoaderBase.java:113)
	at com.eviware.soapui.plugins.LoaderBase.loadFactories(LoaderBase.java:80)
	at com.eviware.soapui.plugins.PluginLoader.loadPluginFactories(PluginLoader.java:141)
	at com.eviware.soapui.plugins.PluginLoader.loadPlugin(PluginLoader.java:104)
	at com.eviware.soapui.plugins.PluginLoader.loadPlugin(PluginLoader.java:54)
	at com.eviware.soapui.plugins.PluginManager.doInstallPlugin(PluginManager.java:141)
	at com.eviware.soapui.plugins.PluginManager.access$600(PluginManager.java:43)
	at com.eviware.soapui.plugins.PluginManager$LoadPluginsTask.computeSequentially(PluginManager.java:420)
	at com.eviware.soapui.plugins.PluginManager$LoadPluginsTask.compute(PluginManager.java:377)
	at com.eviware.soapui.plugins.PluginManager$LoadPluginsTask.compute(PluginManager.java:382)
	at com.eviware.soapui.plugins.PluginManager$LoadPluginsTask.compute(PluginManager.java:365)
	at java.util.concurrent.RecursiveTask.exec(RecursiveTask.java:94)
	at java.util.concurrent.ForkJoinTask.doExec(ForkJoinTask.java:289)
	at java.util.concurrent.ForkJoinPool$WorkQueue.runTask(ForkJoinPool.java:1056)
	at java.util.concurrent.ForkJoinPool.runWorker(ForkJoinPool.java:1692)
	at java.util.concurrent.ForkJoinWorkerThread.run(ForkJoinWorkerThread.java:157)
2020-06-10 13:00:27,995 INFO  [PluginManager] Adding plugin from [C:\Users\MANASANARAYAN\.soapuios\plugins\ready-uxm-plugin-1.0.1-dist.jar]
2020-06-10 13:00:29,388 ERROR [SoapUI] An error occurred [com.eviware.soapui.plugins.auto.factories.AutoDiscoveryMethodFactory], see error log for details
2020-06-10 13:00:29,390 ERROR [errorlog] java.lang.ClassNotFoundException: com.eviware.soapui.plugins.auto.factories.AutoDiscoveryMethodFactory
java.lang.ClassNotFoundException: com.eviware.soapui.plugins.auto.factories.AutoDiscoveryMethodFactory
	at org.codehaus.plexus.classworlds.strategy.SelfFirstStrategy.loadClass(SelfFirstStrategy.java:50)
	at org.codehaus.plexus.classworlds.realm.ClassRealm.unsynchronizedLoadClass(ClassRealm.java:271)
	at org.codehaus.plexus.classworlds.realm.ClassRealm.loadClass(ClassRealm.java:247)
	at org.codehaus.plexus.classworlds.realm.ClassRealm.loadClass(ClassRealm.java:239)
	at java.lang.Class.forName0(Native Method)
	at java.lang.Class.forName(Class.java:264)
	at com.eviware.soapui.plugins.LoaderBase.loadAutoFactories(LoaderBase.java:113)
	at com.eviware.soapui.plugins.LoaderBase.loadFactories(LoaderBase.java:80)
	at com.eviware.soapui.plugins.PluginLoader.loadPluginFactories(PluginLoader.java:141)
	at com.eviware.soapui.plugins.PluginLoader.loadPlugin(PluginLoader.java:104)
	at com.eviware.soapui.plugins.PluginLoader.loadPlugin(PluginLoader.java:54)
	at com.eviware.soapui.plugins.PluginManager.doInstallPlugin(PluginManager.java:141)
	at com.eviware.soapui.plugins.PluginManager.access$600(PluginManager.java:43)
	at com.eviware.soapui.plugins.PluginManager$LoadPluginsTask.computeSequentially(PluginManager.java:420)
	at com.eviware.soapui.plugins.PluginManager$LoadPluginsTask.compute(PluginManager.java:377)
	at com.eviware.soapui.plugins.PluginManager$LoadPluginsTask.compute(PluginManager.java:382)
	at com.eviware.soapui.plugins.PluginManager$LoadPluginsTask.compute(PluginManager.java:365)
	at java.util.concurrent.RecursiveTask.exec(RecursiveTask.java:94)
	at java.util.concurrent.ForkJoinTask.doExec(ForkJoinTask.java:289)
	at java.util.concurrent.ForkJoinPool$WorkQueue.runTask(ForkJoinPool.java:1056)
	at java.util.concurrent.ForkJoinPool.runWorker(ForkJoinPool.java:1692)
	at java.util.concurrent.ForkJoinWorkerThread.run(ForkJoinWorkerThread.java:157)
2020-06-10 13:00:29,974 ERROR [SoapUI] An error occurred [com.eviware.soapui.plugins.auto.factories.AutoImportMethodFactory], see error log for details
2020-06-10 13:00:29,976 ERROR [errorlog] java.lang.ClassNotFoundException: com.eviware.soapui.plugins.auto.factories.AutoImportMethodFactory
java.lang.ClassNotFoundException: com.eviware.soapui.plugins.auto.factories.AutoImportMethodFactory
	at org.codehaus.plexus.classworlds.strategy.SelfFirstStrategy.loadClass(SelfFirstStrategy.java:50)
	at org.codehaus.plexus.classworlds.realm.ClassRealm.unsynchronizedLoadClass(ClassRealm.java:271)
	at org.codehaus.plexus.classworlds.realm.ClassRealm.loadClass(ClassRealm.java:247)
	at org.codehaus.plexus.classworlds.realm.ClassRealm.loadClass(ClassRealm.java:239)
	at java.lang.Class.forName0(Native Method)
	at java.lang.Class.forName(Class.java:264)
	at com.eviware.soapui.plugins.LoaderBase.loadAutoFactories(LoaderBase.java:113)
	at com.eviware.soapui.plugins.LoaderBase.loadFactories(LoaderBase.java:80)
	at com.eviware.soapui.plugins.PluginLoader.loadPluginFactories(PluginLoader.java:141)
	at com.eviware.soapui.plugins.PluginLoader.loadPlugin(PluginLoader.java:104)
	at com.eviware.soapui.plugins.PluginLoader.loadPlugin(PluginLoader.java:54)
	at com.eviware.soapui.plugins.PluginManager.doInstallPlugin(PluginManager.java:141)
	at com.eviware.soapui.plugins.PluginManager.access$600(PluginManager.java:43)
	at com.eviware.soapui.plugins.PluginManager$LoadPluginsTask.computeSequentially(PluginManager.java:420)
	at com.eviware.soapui.plugins.PluginManager$LoadPluginsTask.compute(PluginManager.java:377)
	at com.eviware.soapui.plugins.PluginManager$LoadPluginsTask.compute(PluginManager.java:382)
	at com.eviware.soapui.plugins.PluginManager$LoadPluginsTask.compute(PluginManager.java:365)
	at java.util.concurrent.RecursiveTask.exec(RecursiveTask.java:94)
	at java.util.concurrent.ForkJoinTask.doExec(ForkJoinTask.java:289)
	at java.util.concurrent.ForkJoinPool$WorkQueue.runTask(ForkJoinPool.java:1056)
	at java.util.concurrent.ForkJoinPool.runWorker(ForkJoinPool.java:1692)
	at java.util.concurrent.ForkJoinWorkerThread.run(ForkJoinWorkerThread.java:157)
2020-06-10 13:00:30,118 INFO  [PluginManager] Adding plugin from [C:\Users\MANASANARAYAN\.soapuios\plugins\readyapi-swaggerhub-plugin-1.0.jar]
2020-06-10 13:00:30,888 ERROR [SoapUI] An error occurred [com.eviware.soapui.plugins.auto.factories.AutoDiscoveryMethodFactory], see error log for details
2020-06-10 13:00:30,889 ERROR [errorlog] java.lang.ClassNotFoundException: com.eviware.soapui.plugins.auto.factories.AutoDiscoveryMethodFactory
java.lang.ClassNotFoundException: com.eviware.soapui.plugins.auto.factories.AutoDiscoveryMethodFactory
	at org.codehaus.plexus.classworlds.strategy.SelfFirstStrategy.loadClass(SelfFirstStrategy.java:50)
	at org.codehaus.plexus.classworlds.realm.ClassRealm.unsynchronizedLoadClass(ClassRealm.java:271)
	at org.codehaus.plexus.classworlds.realm.ClassRealm.loadClass(ClassRealm.java:247)
	at org.codehaus.plexus.classworlds.realm.ClassRealm.loadClass(ClassRealm.java:239)
	at java.lang.Class.forName0(Native Method)
	at java.lang.Class.forName(Class.java:264)
	at com.eviware.soapui.plugins.LoaderBase.loadAutoFactories(LoaderBase.java:113)
	at com.eviware.soapui.plugins.LoaderBase.loadFactories(LoaderBase.java:80)
	at com.eviware.soapui.plugins.PluginLoader.loadPluginFactories(PluginLoader.java:141)
	at com.eviware.soapui.plugins.PluginLoader.loadPlugin(PluginLoader.java:104)
	at com.eviware.soapui.plugins.PluginLoader.loadPlugin(PluginLoader.java:54)
	at com.eviware.soapui.plugins.PluginManager.doInstallPlugin(PluginManager.java:141)
	at com.eviware.soapui.plugins.PluginManager.access$600(PluginManager.java:43)
	at com.eviware.soapui.plugins.PluginManager$LoadPluginsTask.computeSequentially(PluginManager.java:420)
	at com.eviware.soapui.plugins.PluginManager$LoadPluginsTask.compute(PluginManager.java:377)
	at com.eviware.soapui.plugins.PluginManager$LoadPluginsTask.compute(PluginManager.java:365)
	at java.util.concurrent.RecursiveTask.exec(RecursiveTask.java:94)
	at java.util.concurrent.ForkJoinTask.doExec(ForkJoinTask.java:289)
	at java.util.concurrent.ForkJoinPool$WorkQueue.runTask(ForkJoinPool.java:1056)
	at java.util.concurrent.ForkJoinPool.runWorker(ForkJoinPool.java:1692)
	at java.util.concurrent.ForkJoinWorkerThread.run(ForkJoinWorkerThread.java:157)
2020-06-10 13:00:31,156 ERROR [SoapUI] An error occurred [com.eviware.soapui.plugins.auto.factories.AutoImportMethodFactory], see error log for details
2020-06-10 13:00:31,157 ERROR [errorlog] java.lang.ClassNotFoundException: com.eviware.soapui.plugins.auto.factories.AutoImportMethodFactory
java.lang.ClassNotFoundException: com.eviware.soapui.plugins.auto.factories.AutoImportMethodFactory
	at org.codehaus.plexus.classworlds.strategy.SelfFirstStrategy.loadClass(SelfFirstStrategy.java:50)
	at org.codehaus.plexus.classworlds.realm.ClassRealm.unsynchronizedLoadClass(ClassRealm.java:271)
	at org.codehaus.plexus.classworlds.realm.ClassRealm.loadClass(ClassRealm.java:247)
	at org.codehaus.plexus.classworlds.realm.ClassRealm.loadClass(ClassRealm.java:239)
	at java.lang.Class.forName0(Native Method)
	at java.lang.Class.forName(Class.java:264)
	at com.eviware.soapui.plugins.LoaderBase.loadAutoFactories(LoaderBase.java:113)
	at com.eviware.soapui.plugins.LoaderBase.loadFactories(LoaderBase.java:80)
	at com.eviware.soapui.plugins.PluginLoader.loadPluginFactories(PluginLoader.java:141)
	at com.eviware.soapui.plugins.PluginLoader.loadPlugin(PluginLoader.java:104)
	at com.eviware.soapui.plugins.PluginLoader.loadPlugin(PluginLoader.java:54)
	at com.eviware.soapui.plugins.PluginManager.doInstallPlugin(PluginManager.java:141)
	at com.eviware.soapui.plugins.PluginManager.access$600(PluginManager.java:43)
	at com.eviware.soapui.plugins.PluginManager$LoadPluginsTask.computeSequentially(PluginManager.java:420)
	at com.eviware.soapui.plugins.PluginManager$LoadPluginsTask.compute(PluginManager.java:377)
	at com.eviware.soapui.plugins.PluginManager$LoadPluginsTask.compute(PluginManager.java:365)
	at java.util.concurrent.RecursiveTask.exec(RecursiveTask.java:94)
	at java.util.concurrent.ForkJoinTask.doExec(ForkJoinTask.java:289)
	at java.util.concurrent.ForkJoinPool$WorkQueue.runTask(ForkJoinPool.java:1056)
	at java.util.concurrent.ForkJoinPool.runWorker(ForkJoinPool.java:1692)
	at java.util.concurrent.ForkJoinWorkerThread.run(ForkJoinWorkerThread.java:157)
2020-06-10 13:00:31,563 INFO  [PluginManager] Adding plugin from [C:\Users\MANASANARAYAN\.soapuios\plugins\readyapi-postman-1.0.1.jar]
2020-06-10 13:00:32,018 ERROR [SoapUI] An error occurred [com.eviware.soapui.plugins.auto.factories.AutoDiscoveryMethodFactory], see error log for details
2020-06-10 13:00:32,020 ERROR [errorlog] java.lang.ClassNotFoundException: com.eviware.soapui.plugins.auto.factories.AutoDiscoveryMethodFactory
java.lang.ClassNotFoundException: com.eviware.soapui.plugins.auto.factories.AutoDiscoveryMethodFactory
	at org.codehaus.plexus.classworlds.strategy.SelfFirstStrategy.loadClass(SelfFirstStrategy.java:50)
	at org.codehaus.plexus.classworlds.realm.ClassRealm.unsynchronizedLoadClass(ClassRealm.java:271)
	at org.codehaus.plexus.classworlds.realm.ClassRealm.loadClass(ClassRealm.java:247)
	at org.codehaus.plexus.classworlds.realm.ClassRealm.loadClass(ClassRealm.java:239)
	at java.lang.Class.forName0(Native Method)
	at java.lang.Class.forName(Class.java:264)
	at com.eviware.soapui.plugins.LoaderBase.loadAutoFactories(LoaderBase.java:113)
	at com.eviware.soapui.plugins.LoaderBase.loadFactories(LoaderBase.java:80)
	at com.eviware.soapui.plugins.PluginLoader.loadPluginFactories(PluginLoader.java:141)
	at com.eviware.soapui.plugins.PluginLoader.loadPlugin(PluginLoader.java:104)
	at com.eviware.soapui.plugins.PluginLoader.loadPlugin(PluginLoader.java:54)
	at com.eviware.soapui.plugins.PluginManager.doInstallPlugin(PluginManager.java:141)
	at com.eviware.soapui.plugins.PluginManager.access$600(PluginManager.java:43)
	at com.eviware.soapui.plugins.PluginManager$LoadPluginsTask.computeSequentially(PluginManager.java:420)
	at com.eviware.soapui.plugins.PluginManager$LoadPluginsTask.compute(PluginManager.java:377)
	at com.eviware.soapui.plugins.PluginManager$LoadPluginsTask.compute(PluginManager.java:382)
	at com.eviware.soapui.plugins.PluginManager$LoadPluginsTask.compute(PluginManager.java:365)
	at java.util.concurrent.RecursiveTask.exec(RecursiveTask.java:94)
	at java.util.concurrent.ForkJoinTask.doExec(ForkJoinTask.java:289)
	at java.util.concurrent.ForkJoinPool$WorkQueue.runTask(ForkJoinPool.java:1056)
	at java.util.concurrent.ForkJoinPool.runWorker(ForkJoinPool.java:1692)
	at java.util.concurrent.ForkJoinWorkerThread.run(ForkJoinWorkerThread.java:157)
2020-06-10 13:00:32,521 ERROR [SoapUI] An error occurred [com.eviware.soapui.plugins.auto.factories.AutoImportMethodFactory], see error log for details
2020-06-10 13:00:32,523 ERROR [errorlog] java.lang.ClassNotFoundException: com.eviware.soapui.plugins.auto.factories.AutoImportMethodFactory
java.lang.ClassNotFoundException: com.eviware.soapui.plugins.auto.factories.AutoImportMethodFactory
	at org.codehaus.plexus.classworlds.strategy.SelfFirstStrategy.loadClass(SelfFirstStrategy.java:50)
	at org.codehaus.plexus.classworlds.realm.ClassRealm.unsynchronizedLoadClass(ClassRealm.java:271)
	at org.codehaus.plexus.classworlds.realm.ClassRealm.loadClass(ClassRealm.java:247)
	at org.codehaus.plexus.classworlds.realm.ClassRealm.loadClass(ClassRealm.java:239)
	at java.lang.Class.forName0(Native Method)
	at java.lang.Class.forName(Class.java:264)
	at com.eviware.soapui.plugins.LoaderBase.loadAutoFactories(LoaderBase.java:113)
	at com.eviware.soapui.plugins.LoaderBase.loadFactories(LoaderBase.java:80)
	at com.eviware.soapui.plugins.PluginLoader.loadPluginFactories(PluginLoader.java:141)
	at com.eviware.soapui.plugins.PluginLoader.loadPlugin(PluginLoader.java:104)
	at com.eviware.soapui.plugins.PluginLoader.loadPlugin(PluginLoader.java:54)
	at com.eviware.soapui.plugins.PluginManager.doInstallPlugin(PluginManager.java:141)
	at com.eviware.soapui.plugins.PluginManager.access$600(PluginManager.java:43)
	at com.eviware.soapui.plugins.PluginManager$LoadPluginsTask.computeSequentially(PluginManager.java:420)
	at com.eviware.soapui.plugins.PluginManager$LoadPluginsTask.compute(PluginManager.java:377)
	at com.eviware.soapui.plugins.PluginManager$LoadPluginsTask.compute(PluginManager.java:382)
	at com.eviware.soapui.plugins.PluginManager$LoadPluginsTask.compute(PluginManager.java:365)
	at java.util.concurrent.RecursiveTask.exec(RecursiveTask.java:94)
	at java.util.concurrent.ForkJoinTask.doExec(ForkJoinTask.java:289)
	at java.util.concurrent.ForkJoinPool$WorkQueue.runTask(ForkJoinPool.java:1056)
	at java.util.concurrent.ForkJoinPool.runWorker(ForkJoinPool.java:1692)
	at java.util.concurrent.ForkJoinWorkerThread.run(ForkJoinWorkerThread.java:157)
2020-06-10 13:00:33,622 ERROR [SoapUI] An error occurred [com.eviware.soapui.plugins.auto.factories.AutoDiscoveryMethodFactory], see error log for details
2020-06-10 13:00:33,639 ERROR [errorlog] java.lang.ClassNotFoundException: com.eviware.soapui.plugins.auto.factories.AutoDiscoveryMethodFactory
java.lang.ClassNotFoundException: com.eviware.soapui.plugins.auto.factories.AutoDiscoveryMethodFactory
	at org.codehaus.plexus.classworlds.strategy.SelfFirstStrategy.loadClass(SelfFirstStrategy.java:50)
	at org.codehaus.plexus.classworlds.realm.ClassRealm.unsynchronizedLoadClass(ClassRealm.java:271)
	at org.codehaus.plexus.classworlds.realm.ClassRealm.loadClass(ClassRealm.java:247)
	at org.codehaus.plexus.classworlds.realm.ClassRealm.loadClass(ClassRealm.java:239)
	at java.lang.Class.forName0(Native Method)
	at java.lang.Class.forName(Class.java:264)
	at com.eviware.soapui.plugins.LoaderBase.loadAutoFactories(LoaderBase.java:113)
	at com.eviware.soapui.plugins.LoaderBase.loadFactories(LoaderBase.java:80)
	at com.eviware.soapui.plugins.PluginLoader.loadPluginFactories(PluginLoader.java:141)
	at com.eviware.soapui.plugins.PluginLoader.loadPlugin(PluginLoader.java:104)
	at com.eviware.soapui.plugins.PluginLoader.loadPlugin(PluginLoader.java:54)
	at com.eviware.soapui.plugins.PluginManager.doInstallPlugin(PluginManager.java:141)
	at com.eviware.soapui.plugins.PluginManager.access$600(PluginManager.java:43)
	at com.eviware.soapui.plugins.PluginManager$LoadPluginsTask.computeSequentially(PluginManager.java:420)
	at com.eviware.soapui.plugins.PluginManager$LoadPluginsTask.compute(PluginManager.java:377)
	at com.eviware.soapui.plugins.PluginManager$LoadPluginsTask.compute(PluginManager.java:365)
	at java.util.concurrent.RecursiveTask.exec(RecursiveTask.java:94)
	at java.util.concurrent.ForkJoinTask.doExec(ForkJoinTask.java:289)
	at java.util.concurrent.ForkJoinPool$WorkQueue.runTask(ForkJoinPool.java:1056)
	at java.util.concurrent.ForkJoinPool.runWorker(ForkJoinPool.java:1692)
	at java.util.concurrent.ForkJoinWorkerThread.run(ForkJoinWorkerThread.java:157)
2020-06-10 13:00:33,811 ERROR [SoapUI] An error occurred [com.eviware.soapui.plugins.auto.factories.AutoImportMethodFactory], see error log for details
2020-06-10 13:00:33,824 ERROR [errorlog] java.lang.ClassNotFoundException: com.eviware.soapui.plugins.auto.factories.AutoImportMethodFactory
java.lang.ClassNotFoundException: com.eviware.soapui.plugins.auto.factories.AutoImportMethodFactory
	at org.codehaus.plexus.classworlds.strategy.SelfFirstStrategy.loadClass(SelfFirstStrategy.java:50)
	at org.codehaus.plexus.classworlds.realm.ClassRealm.unsynchronizedLoadClass(ClassRealm.java:271)
	at org.codehaus.plexus.classworlds.realm.ClassRealm.loadClass(ClassRealm.java:247)
	at org.codehaus.plexus.classworlds.realm.ClassRealm.loadClass(ClassRealm.java:239)
	at java.lang.Class.forName0(Native Method)
	at java.lang.Class.forName(Class.java:264)
	at com.eviware.soapui.plugins.LoaderBase.loadAutoFactories(LoaderBase.java:113)
	at com.eviware.soapui.plugins.LoaderBase.loadFactories(LoaderBase.java:80)
	at com.eviware.soapui.plugins.PluginLoader.loadPluginFactories(PluginLoader.java:141)
	at com.eviware.soapui.plugins.PluginLoader.loadPlugin(PluginLoader.java:104)
	at com.eviware.soapui.plugins.PluginLoader.loadPlugin(PluginLoader.java:54)
	at com.eviware.soapui.plugins.PluginManager.doInstallPlugin(PluginManager.java:141)
	at com.eviware.soapui.plugins.PluginManager.access$600(PluginManager.java:43)
	at com.eviware.soapui.plugins.PluginManager$LoadPluginsTask.computeSequentially(PluginManager.java:420)
	at com.eviware.soapui.plugins.PluginManager$LoadPluginsTask.compute(PluginManager.java:377)
	at com.eviware.soapui.plugins.PluginManager$LoadPluginsTask.compute(PluginManager.java:365)
	at java.util.concurrent.RecursiveTask.exec(RecursiveTask.java:94)
	at java.util.concurrent.ForkJoinTask.doExec(ForkJoinTask.java:289)
	at java.util.concurrent.ForkJoinPool$WorkQueue.runTask(ForkJoinPool.java:1056)
	at java.util.concurrent.ForkJoinPool.runWorker(ForkJoinPool.java:1692)
	at java.util.concurrent.ForkJoinWorkerThread.run(ForkJoinWorkerThread.java:157)
2020-06-10 13:00:34,720 INFO  [PluginManager] 5 plugins loaded in 8873 ms
2020-06-10 13:00:34,727 INFO  [DefaultSoapUICore] All plugins loaded
2020-06-10 13:00:38,814 INFO  [WsdlProject] Loaded project from [file:/C:/Manasa/API%20Testing%20Training/Project/Maven_Executables/my-restproject/REST-Project-soapui-project.xml]
2020-06-10 13:00:38,838 INFO  [SoapUITestCaseRunner] Running SoapUI tests in project [REST Project]
2020-06-10 13:00:38,841 INFO  [SoapUITestCaseRunner] Running Project [REST Project], runType = SEQUENTIAL
2020-06-10 13:00:39,545 INFO  [log] Script Execution Starts
2020-06-10 13:00:39,582 INFO  [log] Script Execution Starts
2020-06-10 13:00:39,584 INFO  [SoapUITestCaseRunner] Running SoapUI testcase [Get Token and Login]
2020-06-10 13:00:39,617 INFO  [SoapUITestCaseRunner] running step [Get_Token]
2020-06-10 13:00:41,315 INFO  [SoapUITestCaseRunner] Assertion [Script Assertion] has status UNKNOWN
2020-06-10 13:00:41,320 INFO  [SoapUITestCaseRunner] running step [access_token]
2020-06-10 13:00:41,609 INFO  [log] {"success":1,"error":[],"data":{"access_token":"8b2bab33e3f0b13e50a44f5855df2a61f6bc4d8b","expires_in":86400,"token_type":"Bearer"}}
2020-06-10 13:00:41,663 INFO  [log] holder value = [data:[access_token:8b2bab33e3f0b13e50a44f5855df2a61f6bc4d8b, expires_in:86400, token_type:Bearer], error:[], success:1]
2020-06-10 13:00:41,679 INFO  [log] 8b2bab33e3f0b13e50a44f5855df2a61f6bc4d8b
2020-06-10 13:00:41,757 INFO  [log] 8b2bab33e3f0b13e50a44f5855df2a61f6bc4d8b
2020-06-10 13:00:41,758 INFO  [SoapUITestCaseRunner] running step [Login]
2020-06-10 13:00:42,274 INFO  [SoapUITestCaseRunner] Assertion [Contains] has status VALID
2020-06-10 13:00:42,570 INFO  [log] /SoapUIResults
2020-06-10 13:00:42,945 INFO  [SoapUITestCaseRunner] Finished running SoapUI testcase [Get Token and Login], time taken: 2081ms, status: FINISHED
2020-06-10 13:00:43,027 INFO  [SoapUITestCaseRunner] Running SoapUI testcase [DataDriven]
2020-06-10 13:00:43,034 INFO  [SoapUITestCaseRunner] running step [Datadriven]
2020-06-10 13:00:45,331 INFO  [log] The total number of rows which contains data are2
2020-06-10 13:00:45,344 INFO  [log] The total number of columns which contains data are2
2020-06-10 13:00:45,444 INFO  [log] Script Execution Starts
2020-06-10 13:00:45,444 INFO  [SoapUITestCaseRunner] Running SoapUI testcase [Property Expansion_Transfer_System Test_Assertion]
2020-06-10 13:00:45,450 INFO  [SoapUITestCaseRunner] running step [keyword]
2020-06-10 13:00:45,457 INFO  [SoapUITestCaseRunner] running step [Add_Keywords]
2020-06-10 13:00:45,559 INFO  [SoapUITestCaseRunner] running step [Add_Product]
2020-06-10 13:00:46,160 INFO  [log] 354
2020-06-10 13:00:46,285 INFO  [SchemaUtils] Added default schema from file:/C:/Users/MANASANARAYAN/.m2/repository/com/smartbear/soapui/soapui/5.5.0/soapui-5.5.0.jar!/com/eviware/soapui/resources/xsds/xop.xsd with targetNamespace http://www.w3.org/2004/08/xop/include
2020-06-10 13:00:46,390 INFO  [SchemaUtils] Added default schema from file:/C:/Users/MANASANARAYAN/.m2/repository/com/smartbear/soapui/soapui/5.5.0/soapui-5.5.0.jar!/com/eviware/soapui/resources/xsds/XMLSchema.xsd with targetNamespace http://www.w3.org/2001/XMLSchema
2020-06-10 13:00:46,404 INFO  [SchemaUtils] Added default schema from file:/C:/Users/MANASANARAYAN/.m2/repository/com/smartbear/soapui/soapui/5.5.0/soapui-5.5.0.jar!/com/eviware/soapui/resources/xsds/xml.xsd with targetNamespace http://www.w3.org/XML/1998/namespace
2020-06-10 13:00:46,412 INFO  [SchemaUtils] Added default schema from file:/C:/Users/MANASANARAYAN/.m2/repository/com/smartbear/soapui/soapui/5.5.0/soapui-5.5.0.jar!/com/eviware/soapui/resources/xsds/swaref.xsd with targetNamespace http://ws-i.org/profiles/basic/1.1/xsd
2020-06-10 13:00:46,428 INFO  [SchemaUtils] Added default schema from file:/C:/Users/MANASANARAYAN/.m2/repository/com/smartbear/soapui/soapui/5.5.0/soapui-5.5.0.jar!/com/eviware/soapui/resources/xsds/xmime200505.xsd with targetNamespace http://www.w3.org/2005/05/xmlmime
2020-06-10 13:00:46,434 INFO  [SchemaUtils] Added default schema from file:/C:/Users/MANASANARAYAN/.m2/repository/com/smartbear/soapui/soapui/5.5.0/soapui-5.5.0.jar!/com/eviware/soapui/resources/xsds/xmime200411.xsd with targetNamespace http://www.w3.org/2004/11/xmlmime
2020-06-10 13:00:46,445 INFO  [SchemaUtils] Added default schema from file:/C:/Users/MANASANARAYAN/.m2/repository/com/smartbear/soapui/soapui/5.5.0/soapui-5.5.0.jar!/com/eviware/soapui/resources/xsds/soapEnvelope.xsd with targetNamespace http://schemas.xmlsoap.org/soap/envelope/
2020-06-10 13:00:46,454 INFO  [SchemaUtils] Added default schema from file:/C:/Users/MANASANARAYAN/.m2/repository/com/smartbear/soapui/soapui/5.5.0/soapui-5.5.0.jar!/com/eviware/soapui/resources/xsds/soapEncoding.xsd with targetNamespace http://schemas.xmlsoap.org/soap/encoding/
2020-06-10 13:00:46,470 INFO  [SchemaUtils] Added default schema from file:/C:/Users/MANASANARAYAN/.m2/repository/com/smartbear/soapui/soapui/5.5.0/soapui-5.5.0.jar!/com/eviware/soapui/resources/xsds/soapEnvelope12.xsd with targetNamespace http://www.w3.org/2003/05/soap-envelope
2020-06-10 13:00:46,478 INFO  [SchemaUtils] Added default schema from file:/C:/Users/MANASANARAYAN/.m2/repository/com/smartbear/soapui/soapui/5.5.0/soapui-5.5.0.jar!/com/eviware/soapui/resources/xsds/soapEncoding12.xsd with targetNamespace http://www.w3.org/2003/05/soap-encoding
2020-06-10 13:00:46,655 INFO  [SchemaUtils] Loading schema types from [http://rest-api.upskills.in.wadl]
2020-06-10 13:00:46,656 INFO  [SchemaUtils] Getting schema http://rest-api.upskills.in.wadl
2020-06-10 13:00:47,129 INFO  [SoapUITestCaseRunner] Assertion [Script Assertion] has status VALID
2020-06-10 13:00:47,139 INFO  [SoapUITestCaseRunner] Assertion [Schema Compliance] has status VALID
2020-06-10 13:00:47,152 INFO  [SoapUITestCaseRunner] Assertion [Valid HTTP Status Codes] has status VALID
2020-06-10 13:00:47,153 INFO  [SoapUITestCaseRunner] Assertion [Contains] has status VALID
2020-06-10 13:00:47,154 INFO  [SoapUITestCaseRunner] running step [Get_All_Products]
2020-06-10 13:00:50,269 INFO  [SoapUITestCaseRunner] Assertion [Valid HTTP Status Codes] has status VALID
2020-06-10 13:00:50,283 INFO  [SoapUITestCaseRunner] running step [GetProductID_QuantityLess10]
2020-06-10 13:00:50,495 INFO  [log] Update unsuccessful
2020-06-10 13:00:50,498 INFO  [log] Update Successfully
2020-06-10 13:00:50,512 INFO  [log] Update Successfully
2020-06-10 13:00:50,514 INFO  [log] Update Successfully
2020-06-10 13:00:50,518 INFO  [log] Update Successfully
2020-06-10 13:00:50,532 INFO  [log] Update Successfully
2020-06-10 13:00:50,536 INFO  [log] Update Successfully
2020-06-10 13:00:50,537 INFO  [log] Update Successfully
2020-06-10 13:00:50,538 INFO  [log] Update Successfully
2020-06-10 13:00:50,548 INFO  [log] Update Successfully
2020-06-10 13:00:50,551 INFO  [log] Update Successfully
2020-06-10 13:00:50,555 INFO  [log] Update Successfully
2020-06-10 13:00:50,556 INFO  [log] Update Successfully
2020-06-10 13:00:50,558 INFO  [log] Update Successfully
2020-06-10 13:00:50,560 INFO  [log] Update Successfully
2020-06-10 13:00:50,569 INFO  [log] Update Successfully
2020-06-10 13:00:50,575 INFO  [log] Update Successfully
2020-06-10 13:00:50,595 INFO  [log] Update Successfully
2020-06-10 13:00:50,597 INFO  [log] Update Successfully
2020-06-10 13:00:50,600 INFO  [log] Update Successfully
2020-06-10 13:00:50,614 INFO  [log] Update Successfully
2020-06-10 13:00:50,616 INFO  [log] Update Successfully
2020-06-10 13:00:50,621 INFO  [log] Update Successfully
2020-06-10 13:00:50,632 INFO  [log] Update Successfully
2020-06-10 13:00:50,638 INFO  [log] Update Successfully
2020-06-10 13:00:50,639 INFO  [log] Update Successfully
2020-06-10 13:00:50,640 INFO  [log] Update Successfully
2020-06-10 13:00:50,642 INFO  [log] Update Successfully
2020-06-10 13:00:50,643 INFO  [log] Update Successfully
2020-06-10 13:00:50,653 INFO  [log] Update Successfully
2020-06-10 13:00:50,655 INFO  [log] Update Successfully
2020-06-10 13:00:50,656 INFO  [log] Update Successfully
2020-06-10 13:00:50,660 INFO  [log] Update Successfully
2020-06-10 13:00:50,663 INFO  [log] Update Successfully
2020-06-10 13:00:50,664 INFO  [log] Update Successfully
2020-06-10 13:00:50,674 INFO  [log] Update Successfully
2020-06-10 13:00:50,675 INFO  [log] Update Successfully
2020-06-10 13:00:50,679 INFO  [log] Update Successfully
2020-06-10 13:00:50,681 INFO  [log] Update Successfully
2020-06-10 13:00:50,694 INFO  [log] Update Successfully
2020-06-10 13:00:50,698 INFO  [log] Update Successfully
2020-06-10 13:00:50,703 INFO  [log] Update unsuccessful
2020-06-10 13:00:50,705 INFO  [log] Update Successfully
2020-06-10 13:00:50,715 INFO  [log] Update Successfully
2020-06-10 13:00:50,723 INFO  [log] Update Successfully
2020-06-10 13:00:50,724 INFO  [log] Update Successfully
2020-06-10 13:00:50,738 INFO  [log] Update Successfully
2020-06-10 13:00:50,740 INFO  [log] Update Successfully
2020-06-10 13:00:50,741 INFO  [log] Update Successfully
2020-06-10 13:00:50,742 INFO  [log] Update Successfully
2020-06-10 13:00:50,743 INFO  [log] Update Successfully
2020-06-10 13:00:50,744 INFO  [log] Update Successfully
2020-06-10 13:00:50,745 INFO  [log] Update Successfully
2020-06-10 13:00:50,760 INFO  [log] Update Successfully
2020-06-10 13:00:50,762 INFO  [log] Update Successfully
2020-06-10 13:00:50,763 INFO  [log] Update Successfully
2020-06-10 13:00:50,766 INFO  [log] Update Successfully
2020-06-10 13:00:50,766 INFO  [log] Update Successfully
2020-06-10 13:00:50,767 INFO  [log] Update Successfully
2020-06-10 13:00:50,768 INFO  [log] Update Successfully
2020-06-10 13:00:50,770 INFO  [log] Update Successfully
2020-06-10 13:00:50,778 INFO  [log] Update Successfully
2020-06-10 13:00:50,779 INFO  [log] Update Successfully
2020-06-10 13:00:50,782 INFO  [log] Update unsuccessful
2020-06-10 13:00:50,783 INFO  [log] Update unsuccessful
2020-06-10 13:00:50,783 INFO  [log] Update unsuccessful
2020-06-10 13:00:50,784 INFO  [log] Update unsuccessful
2020-06-10 13:00:50,785 INFO  [log] Update unsuccessful
2020-06-10 13:00:50,786 INFO  [log] Update unsuccessful
2020-06-10 13:00:50,787 INFO  [log] Update Successfully
2020-06-10 13:00:50,793 INFO  [log] Update unsuccessful
2020-06-10 13:00:50,797 INFO  [log] Update unsuccessful
2020-06-10 13:00:50,799 INFO  [log] Update unsuccessful
2020-06-10 13:00:50,802 INFO  [log] Update unsuccessful
2020-06-10 13:00:50,803 INFO  [log] Update unsuccessful
2020-06-10 13:00:50,806 INFO  [log] Update Successfully
2020-06-10 13:00:50,807 INFO  [log] Update unsuccessful
2020-06-10 13:00:50,808 INFO  [log] Update Successfully
2020-06-10 13:00:50,808 INFO  [log] Update Successfully
2020-06-10 13:00:50,809 INFO  [log] Update Successfully
2020-06-10 13:00:50,824 INFO  [log] Update unsuccessful
2020-06-10 13:00:50,846 INFO  [log] Update unsuccessful
2020-06-10 13:00:50,849 INFO  [log] Update unsuccessful
2020-06-10 13:00:50,852 INFO  [log] Update unsuccessful
2020-06-10 13:00:50,863 INFO  [log] Update unsuccessful
2020-06-10 13:00:50,868 INFO  [log] Update unsuccessful
2020-06-10 13:00:50,869 INFO  [log] Update unsuccessful
2020-06-10 13:00:50,871 INFO  [log] Update unsuccessful
2020-06-10 13:00:50,885 INFO  [log] Update unsuccessful
2020-06-10 13:00:50,886 INFO  [log] Update unsuccessful
2020-06-10 13:00:50,888 INFO  [log] Update unsuccessful
2020-06-10 13:00:50,889 INFO  [log] Update unsuccessful
2020-06-10 13:00:50,890 INFO  [log] Update unsuccessful
2020-06-10 13:00:50,890 INFO  [log] Update unsuccessful
2020-06-10 13:00:50,891 INFO  [log] Update unsuccessful
2020-06-10 13:00:50,892 INFO  [log] Update unsuccessful
2020-06-10 13:00:50,903 INFO  [log] Update unsuccessful
2020-06-10 13:00:50,907 INFO  [log] Update unsuccessful
2020-06-10 13:00:50,909 INFO  [log] Update unsuccessful
2020-06-10 13:00:50,910 INFO  [log] Update unsuccessful
2020-06-10 13:00:50,913 INFO  [SoapUITestCaseRunner] running step [Update_Product_ByQuantity]
2020-06-10 13:00:51,461 INFO  [SoapUITestCaseRunner] Assertion [Valid HTTP Status Codes] has status VALID
2020-06-10 13:00:51,465 INFO  [SoapUITestCaseRunner] Assertion [Contains] has status VALID
2020-06-10 13:00:51,466 INFO  [SoapUITestCaseRunner] Assertion [Script Assertion] has status UNKNOWN
2020-06-10 13:00:51,472 INFO  [SoapUITestCaseRunner] running step [Get_All_Products_AfterUpdate]
2020-06-10 13:00:54,717 INFO  [SchemaUtils] Loading schema types from [http://rest-api.upskills.in.wadl]
2020-06-10 13:00:54,719 INFO  [SchemaUtils] Getting schema http://rest-api.upskills.in.wadl
2020-06-10 13:00:54,993 INFO  [SoapUITestCaseRunner] Assertion [Schema Compliance] has status VALID
2020-06-10 13:00:54,995 INFO  [SoapUITestCaseRunner] running step [Delete_Product_ById]
2020-06-10 13:00:55,499 INFO  [log] 1
2020-06-10 13:00:55,499 INFO  [log] Product successfully Deleted
2020-06-10 13:00:55,502 INFO  [SoapUITestCaseRunner] Assertion [Contains] has status VALID
2020-06-10 13:00:55,505 INFO  [SoapUITestCaseRunner] Assertion [Valid HTTP Status Codes] has status VALID
2020-06-10 13:00:55,505 INFO  [SoapUITestCaseRunner] Assertion [Script Assertion] has status VALID
2020-06-10 13:00:55,537 INFO  [log] /SoapUIResults
2020-06-10 13:00:55,625 INFO  [SoapUITestCaseRunner] Finished running SoapUI testcase [Property Expansion_Transfer_System Test_Assertion], time taken: 6292ms, status: FINISHED
2020-06-10 13:00:55,660 INFO  [log] Status:  FINISHED, time taken for testCase is: 6292 ms
2020-06-10 13:00:55,683 INFO  [log] number of test steps executed are: 8
2020-06-10 13:00:55,721 INFO  [log] /SoapUIResults
2020-06-10 13:00:55,765 INFO  [SoapUITestCaseRunner] Finished running SoapUI testcase [DataDriven], time taken: 12657ms, status: FINISHED
2020-06-10 13:00:55,788 INFO  [log] Script Execution Starts
2020-06-10 13:00:55,799 INFO  [SoapUITestCaseRunner] Running SoapUI testcase [Property Expansion_Transfer_System Test_Assertion]
2020-06-10 13:00:55,804 INFO  [SoapUITestCaseRunner] running step [keyword]
2020-06-10 13:00:55,805 INFO  [SoapUITestCaseRunner] running step [Add_Keywords]
2020-06-10 13:00:55,816 INFO  [SoapUITestCaseRunner] running step [Add_Product]
2020-06-10 13:00:56,263 INFO  [log] 355
2020-06-10 13:00:56,269 INFO  [SoapUITestCaseRunner] Assertion [Script Assertion] has status VALID
2020-06-10 13:00:56,271 INFO  [SoapUITestCaseRunner] Assertion [Schema Compliance] has status VALID
2020-06-10 13:00:56,273 INFO  [SoapUITestCaseRunner] Assertion [Valid HTTP Status Codes] has status VALID
2020-06-10 13:00:56,275 INFO  [SoapUITestCaseRunner] Assertion [Contains] has status VALID
2020-06-10 13:00:56,277 INFO  [SoapUITestCaseRunner] running step [Get_All_Products]
2020-06-10 13:00:58,683 INFO  [SoapUITestCaseRunner] Assertion [Valid HTTP Status Codes] has status VALID
2020-06-10 13:00:58,687 INFO  [SoapUITestCaseRunner] running step [GetProductID_QuantityLess10]
2020-06-10 13:00:58,696 INFO  [log] Update unsuccessful
2020-06-10 13:00:58,697 INFO  [log] Update Successfully
2020-06-10 13:00:58,698 INFO  [log] Update Successfully
2020-06-10 13:00:58,701 INFO  [log] Update Successfully
2020-06-10 13:00:58,702 INFO  [log] Update Successfully
2020-06-10 13:00:58,703 INFO  [log] Update Successfully
2020-06-10 13:00:58,704 INFO  [log] Update Successfully
2020-06-10 13:00:58,705 INFO  [log] Update Successfully
2020-06-10 13:00:58,711 INFO  [log] Update Successfully
2020-06-10 13:00:58,713 INFO  [log] Update Successfully
2020-06-10 13:00:58,714 INFO  [log] Update Successfully
2020-06-10 13:00:58,714 INFO  [log] Update Successfully
2020-06-10 13:00:58,717 INFO  [log] Update Successfully
2020-06-10 13:00:58,720 INFO  [log] Update Successfully
2020-06-10 13:00:58,725 INFO  [log] Update Successfully
2020-06-10 13:00:58,728 INFO  [log] Update Successfully
2020-06-10 13:00:58,729 INFO  [log] Update Successfully
2020-06-10 13:00:58,730 INFO  [log] Update Successfully
2020-06-10 13:00:58,731 INFO  [log] Update Successfully
2020-06-10 13:00:58,733 INFO  [log] Update Successfully
2020-06-10 13:00:58,736 INFO  [log] Update Successfully
2020-06-10 13:00:58,740 INFO  [log] Update Successfully
2020-06-10 13:00:58,742 INFO  [log] Update Successfully
2020-06-10 13:00:58,743 INFO  [log] Update Successfully
2020-06-10 13:00:58,744 INFO  [log] Update Successfully
2020-06-10 13:00:58,747 INFO  [log] Update Successfully
2020-06-10 13:00:58,751 INFO  [log] Update Successfully
2020-06-10 13:00:58,752 INFO  [log] Update Successfully
2020-06-10 13:00:58,753 INFO  [log] Update Successfully
2020-06-10 13:00:58,755 INFO  [log] Update Successfully
2020-06-10 13:00:58,758 INFO  [log] Update Successfully
2020-06-10 13:00:58,760 INFO  [log] Update Successfully
2020-06-10 13:00:58,762 INFO  [log] Update Successfully
2020-06-10 13:00:58,763 INFO  [log] Update Successfully
2020-06-10 13:00:58,763 INFO  [log] Update Successfully
2020-06-10 13:00:58,765 INFO  [log] Update Successfully
2020-06-10 13:00:58,766 INFO  [log] Update Successfully
2020-06-10 13:00:58,772 INFO  [log] Update Successfully
2020-06-10 13:00:58,773 INFO  [log] Update Successfully
2020-06-10 13:00:58,774 INFO  [log] Update Successfully
2020-06-10 13:00:58,775 INFO  [log] Update Successfully
2020-06-10 13:00:58,776 INFO  [log] Update unsuccessful
2020-06-10 13:00:58,777 INFO  [log] Update Successfully
2020-06-10 13:00:58,779 INFO  [log] Update Successfully
2020-06-10 13:00:58,784 INFO  [log] Update Successfully
2020-06-10 13:00:58,787 INFO  [log] Update Successfully
2020-06-10 13:00:58,788 INFO  [log] Update Successfully
2020-06-10 13:00:58,789 INFO  [log] Update Successfully
2020-06-10 13:00:58,791 INFO  [log] Update Successfully
2020-06-10 13:00:58,795 INFO  [log] Update Successfully
2020-06-10 13:00:58,795 INFO  [log] Update Successfully
2020-06-10 13:00:58,798 INFO  [log] Update Successfully
2020-06-10 13:00:58,808 INFO  [log] Update Successfully
2020-06-10 13:00:58,823 INFO  [log] Update Successfully
2020-06-10 13:00:58,837 INFO  [log] Update Successfully
2020-06-10 13:00:58,847 INFO  [log] Update Successfully
2020-06-10 13:00:58,862 INFO  [log] Update Successfully
2020-06-10 13:00:58,872 INFO  [log] Update Successfully
2020-06-10 13:00:58,882 INFO  [log] Update Successfully
2020-06-10 13:00:58,898 INFO  [log] Update Successfully
2020-06-10 13:00:58,908 INFO  [log] Update Successfully
2020-06-10 13:00:58,927 INFO  [log] Update Successfully
2020-06-10 13:00:58,934 INFO  [log] Update Successfully
2020-06-10 13:00:58,943 INFO  [log] Update unsuccessful
2020-06-10 13:00:58,949 INFO  [log] Update unsuccessful
2020-06-10 13:00:58,952 INFO  [log] Update unsuccessful
2020-06-10 13:00:58,957 INFO  [log] Update unsuccessful
2020-06-10 13:00:58,958 INFO  [log] Update unsuccessful
2020-06-10 13:00:58,960 INFO  [log] Update unsuccessful
2020-06-10 13:00:58,966 INFO  [log] Update Successfully
2020-06-10 13:00:58,971 INFO  [log] Update unsuccessful
2020-06-10 13:00:58,972 INFO  [log] Update unsuccessful
2020-06-10 13:00:58,974 INFO  [log] Update unsuccessful
2020-06-10 13:00:58,976 INFO  [log] Update unsuccessful
2020-06-10 13:00:58,982 INFO  [log] Update unsuccessful
2020-06-10 13:00:58,986 INFO  [log] Update Successfully
2020-06-10 13:00:58,986 INFO  [log] Update unsuccessful
2020-06-10 13:00:58,988 INFO  [log] Update Successfully
2020-06-10 13:00:58,989 INFO  [log] Update Successfully
2020-06-10 13:00:58,990 INFO  [log] Update Successfully
2020-06-10 13:00:58,991 INFO  [log] Update unsuccessful
2020-06-10 13:00:58,994 INFO  [log] Update unsuccessful
2020-06-10 13:00:58,995 INFO  [log] Update unsuccessful
2020-06-10 13:00:58,996 INFO  [log] Update unsuccessful
2020-06-10 13:00:58,999 INFO  [log] Update unsuccessful
2020-06-10 13:00:59,000 INFO  [log] Update unsuccessful
2020-06-10 13:00:59,000 INFO  [log] Update unsuccessful
2020-06-10 13:00:59,002 INFO  [log] Update unsuccessful
2020-06-10 13:00:59,002 INFO  [log] Update unsuccessful
2020-06-10 13:00:59,003 INFO  [log] Update unsuccessful
2020-06-10 13:00:59,004 INFO  [log] Update unsuccessful
2020-06-10 13:00:59,005 INFO  [log] Update unsuccessful
2020-06-10 13:00:59,006 INFO  [log] Update unsuccessful
2020-06-10 13:00:59,011 INFO  [log] Update unsuccessful
2020-06-10 13:00:59,013 INFO  [log] Update unsuccessful
2020-06-10 13:00:59,014 INFO  [log] Update unsuccessful
2020-06-10 13:00:59,015 INFO  [log] Update unsuccessful
2020-06-10 13:00:59,015 INFO  [log] Update unsuccessful
2020-06-10 13:00:59,016 INFO  [log] Update unsuccessful
2020-06-10 13:00:59,016 INFO  [log] Update unsuccessful
2020-06-10 13:00:59,017 INFO  [SoapUITestCaseRunner] running step [Update_Product_ByQuantity]
2020-06-10 13:00:59,443 INFO  [SoapUITestCaseRunner] Assertion [Valid HTTP Status Codes] has status VALID
2020-06-10 13:00:59,445 INFO  [SoapUITestCaseRunner] Assertion [Contains] has status VALID
2020-06-10 13:00:59,445 INFO  [SoapUITestCaseRunner] Assertion [Script Assertion] has status UNKNOWN
2020-06-10 13:00:59,449 INFO  [SoapUITestCaseRunner] running step [Get_All_Products_AfterUpdate]
2020-06-10 13:01:03,617 INFO  [SoapUITestCaseRunner] Assertion [Schema Compliance] has status VALID
2020-06-10 13:01:03,620 INFO  [SoapUITestCaseRunner] running step [Delete_Product_ById]
2020-06-10 13:01:04,257 INFO  [log] 1
2020-06-10 13:01:04,276 INFO  [log] Product successfully Deleted
2020-06-10 13:01:04,283 INFO  [SoapUITestCaseRunner] Assertion [Contains] has status VALID
2020-06-10 13:01:04,284 INFO  [SoapUITestCaseRunner] Assertion [Valid HTTP Status Codes] has status VALID
2020-06-10 13:01:04,284 INFO  [SoapUITestCaseRunner] Assertion [Script Assertion] has status VALID
2020-06-10 13:01:04,297 INFO  [log] /SoapUIResults
2020-06-10 13:01:04,659 INFO  [SoapUITestCaseRunner] Finished running SoapUI testcase [Property Expansion_Transfer_System Test_Assertion], time taken: 7595ms, status: FINISHED
2020-06-10 13:01:04,837 INFO  [log] Script Execution Starts
2020-06-10 13:01:04,841 INFO  [SoapUITestCaseRunner] Running SoapUI testcase [Database_Script Assertion]
2020-06-10 13:01:04,866 INFO  [SoapUITestCaseRunner] running step [JDBC Request]
2020-06-10 13:01:05,916 INFO  [SoapUITestCaseRunner] Assertion [JDBC Status] has status VALID
2020-06-10 13:01:05,924 INFO  [SoapUITestCaseRunner] running step [Category_Details_Transfer]
2020-06-10 13:01:07,743 INFO  [SoapUITestCaseRunner] running step [Category_Details]
2020-06-10 13:01:07,753 INFO  [SoapUITestCaseRunner] running step [Add_Product_Category]
2020-06-10 13:01:08,965 INFO  [log] {"success":1,"error":[],"data":{"id":362}}
2020-06-10 13:01:08,968 INFO  [log] holder value = [data:[id:362], error:[], success:1]
2020-06-10 13:01:08,969 INFO  [log] 362
2020-06-10 13:01:08,974 INFO  [SoapUITestCaseRunner] Assertion [Script Assertion] has status VALID
2020-06-10 13:01:08,975 INFO  [SoapUITestCaseRunner] running step [Delete_ByCategory]
2020-06-10 13:01:09,663 INFO  [SoapUITestCaseRunner] Assertion [Valid HTTP Status Codes] has status VALID
2020-06-10 13:01:09,819 INFO  [log] /SoapUIResults
2020-06-10 13:01:09,930 INFO  [SoapUITestCaseRunner] Finished running SoapUI testcase [Database_Script Assertion], time taken: 4509ms, status: FINISHED
2020-06-10 13:01:09,991 ERROR [SoapUI] An error occurred [No such property: testRunner for class: Script1], see error log for details
2020-06-10 13:01:09,992 ERROR [errorlog] groovy.lang.MissingPropertyException: No such property: testRunner for class: Script1
groovy.lang.MissingPropertyException: No such property: testRunner for class: Script1
	at org.codehaus.groovy.runtime.ScriptBytecodeAdapter.unwrap(ScriptBytecodeAdapter.java:53)
	at org.codehaus.groovy.runtime.callsite.PogoGetPropertySite.getProperty(PogoGetPropertySite.java:52)
	at org.codehaus.groovy.runtime.callsite.AbstractCallSite.callGroovyObjectGetProperty(AbstractCallSite.java:307)
	at Script1.run(Script1.groovy:1)
	at com.eviware.soapui.support.scripting.groovy.SoapUIGroovyScriptEngine.run(SoapUIGroovyScriptEngine.java:90)
	at com.eviware.soapui.impl.wsdl.WsdlTestSuite.runTearDownScript(WsdlTestSuite.java:495)
	at com.eviware.soapui.impl.wsdl.testcase.WsdlTestSuiteRunner.internalFinally(WsdlTestSuiteRunner.java:163)
	at com.eviware.soapui.impl.wsdl.testcase.WsdlTestSuiteRunner.internalFinally(WsdlTestSuiteRunner.java:46)
	at com.eviware.soapui.impl.wsdl.support.AbstractTestRunner.run(AbstractTestRunner.java:149)
	at java.util.concurrent.Executors$RunnableAdapter.call(Executors.java:511)
	at java.util.concurrent.FutureTask.run(FutureTask.java:266)
	at java.util.concurrent.ThreadPoolExecutor.runWorker(ThreadPoolExecutor.java:1149)
	at java.util.concurrent.ThreadPoolExecutor$Worker.run(ThreadPoolExecutor.java:624)
	at java.lang.Thread.run(Thread.java:748)
2020-06-10 13:01:10,100 INFO  [SoapUITestCaseRunner] Project [REST Project] finished with status [FINISHED] in 31243ms
2020-06-10 13:01:24,285 WARN  [Tools] Could not delete temporary directory C:\Users\MANASA~1\AppData\Local\Temp\a866ceed-66fb-40d5-8399-2ea0dac0e65b
2020-06-10 13:01:24,289 WARN  [Tools] Could not delete temporary directory C:\Users\MANASA~1\AppData\Local\Temp\c10dbffb-738d-42d0-a2ad-cd56f319ed04
